<?xml version="1.0" encoding="UTF-8"?>
<!-- Generated by org.testng.reporters.JUnitReportReporter -->
<testsuite hostname="DESKTOP-5159FKT" failures="0" tests="1" name="sample.loginpageTEST" time="28.840" errors="0" timestamp="2021-08-07T16:39:28 IST" skipped="0">
  <testcase classname="sample.loginpageTEST" name="loginpageTE" time="28.840"/>
  <system-out/>
</testsuite> <!-- sample.loginpageTEST -->
