<?xml version="1.0" encoding="UTF-8"?>
<!-- Generated by org.testng.reporters.JUnitReportReporter -->
<testsuite hostname="DESKTOP-5159FKT" failures="0" tests="1" name="sample.Stringpgm" time="4.014" errors="0" timestamp="2021-09-11T02:49:39 IST" skipped="0">
  <testcase classname="sample.Stringpgm" name="pu" time="4.014"/>
  <system-out/>
</testsuite> <!-- sample.Stringpgm -->
